{"C:\\Developer\\Web\\Node\\Dev\\predmaq\\client\\src\\App.js": {"path":"C:\\Developer\\Web\\Node\\Dev\\predmaq\\client\\src\\App.js","statementMap":{"0":{"start":{"line":8,"column":12},"end":{"line":16,"column":1}},"1":{"start":{"line":9,"column":4},"end":{"line":15,"column":6}}},"fnMap":{"0":{"name":"(anonymous_0)","decl":{"start":{"line":8,"column":12},"end":{"line":8,"column":13}},"loc":{"start":{"line":8,"column":18},"end":{"line":16,"column":1}},"line":8}},"branchMap":{},"s":{"0":0,"1":0},"f":{"0":0},"b":{}}
,"C:\\Developer\\Web\\Node\\Dev\\predmaq\\client\\src\\index.js": {"path":"C:\\Developer\\Web\\Node\\Dev\\predmaq\\client\\src\\index.js","statementMap":{"0":{"start":{"line":10,"column":13},"end":{"line":10,"column":65}},"1":{"start":{"line":12,"column":0},"end":{"line":16,"column":2}},"2":{"start":{"line":18,"column":0},"end":{"line":18,"column":18}}},"fnMap":{},"branchMap":{},"s":{"0":0,"1":0,"2":0},"f":{},"b":{}}
,"C:\\Developer\\Web\\Node\\Dev\\predmaq\\client\\src\\reportWebVitals.js": {"path":"C:\\Developer\\Web\\Node\\Dev\\predmaq\\client\\src\\reportWebVitals.js","statementMap":{"0":{"start":{"line":1,"column":24},"end":{"line":11,"column":1}},"1":{"start":{"line":2,"column":2},"end":{"line":10,"column":3}},"2":{"start":{"line":3,"column":4},"end":{"line":9,"column":7}},"3":{"start":{"line":4,"column":6},"end":{"line":4,"column":26}},"4":{"start":{"line":5,"column":6},"end":{"line":5,"column":26}},"5":{"start":{"line":6,"column":6},"end":{"line":6,"column":26}},"6":{"start":{"line":7,"column":6},"end":{"line":7,"column":26}},"7":{"start":{"line":8,"column":6},"end":{"line":8,"column":27}}},"fnMap":{"0":{"name":"(anonymous_0)","decl":{"start":{"line":1,"column":24},"end":{"line":1,"column":25}},"loc":{"start":{"line":1,"column":39},"end":{"line":11,"column":1}},"line":1},"1":{"name":"(anonymous_1)","decl":{"start":{"line":3,"column":30},"end":{"line":3,"column":31}},"loc":{"start":{"line":3,"column":79},"end":{"line":9,"column":5}},"line":3}},"branchMap":{"0":{"loc":{"start":{"line":2,"column":2},"end":{"line":10,"column":3}},"type":"if","locations":[{"start":{"line":2,"column":2},"end":{"line":10,"column":3}},{"start":{},"end":{}}],"line":2},"1":{"loc":{"start":{"line":2,"column":6},"end":{"line":2,"column":52}},"type":"binary-expr","locations":[{"start":{"line":2,"column":6},"end":{"line":2,"column":17}},{"start":{"line":2,"column":21},"end":{"line":2,"column":52}}],"line":2}},"s":{"0":0,"1":0,"2":0,"3":0,"4":0,"5":0,"6":0,"7":0},"f":{"0":0,"1":0},"b":{"0":[0,0],"1":[0,0]}}
,"C:\\Developer\\Web\\Node\\Dev\\predmaq\\client\\src\\setupTests.js": {"path":"C:\\Developer\\Web\\Node\\Dev\\predmaq\\client\\src\\setupTests.js","statementMap":{},"fnMap":{},"branchMap":{},"s":{},"f":{},"b":{}}
,"C:\\Developer\\Web\\Node\\Dev\\predmaq\\client\\src\\components\\Charts\\BarChart.js": {"path":"C:\\Developer\\Web\\Node\\Dev\\predmaq\\client\\src\\components\\Charts\\BarChart.js","statementMap":{"0":{"start":{"line":7,"column":0},"end":{"line":7,"column":46}},"1":{"start":{"line":9,"column":17},"end":{"line":53,"column":1}},"2":{"start":{"line":10,"column":21},"end":{"line":19,"column":5}},"3":{"start":{"line":11,"column":38},"end":{"line":11,"column":52}},"4":{"start":{"line":15,"column":44},"end":{"line":16,"column":56}},"5":{"start":{"line":21,"column":22},"end":{"line":43,"column":5}},"6":{"start":{"line":22,"column":38},"end":{"line":22,"column":52}},"7":{"start":{"line":26,"column":44},"end":{"line":26,"column":67}},"8":{"start":{"line":31,"column":44},"end":{"line":34,"column":40}},"9":{"start":{"line":39,"column":44},"end":{"line":39,"column":55}},"10":{"start":{"line":45,"column":4},"end":{"line":52,"column":6}}},"fnMap":{"0":{"name":"(anonymous_0)","decl":{"start":{"line":9,"column":17},"end":{"line":9,"column":18}},"loc":{"start":{"line":9,"column":45},"end":{"line":53,"column":1}},"line":9},"1":{"name":"(anonymous_1)","decl":{"start":{"line":11,"column":28},"end":{"line":11,"column":29}},"loc":{"start":{"line":11,"column":38},"end":{"line":11,"column":52}},"line":11},"2":{"name":"(anonymous_2)","decl":{"start":{"line":15,"column":34},"end":{"line":15,"column":35}},"loc":{"start":{"line":15,"column":44},"end":{"line":16,"column":56}},"line":15},"3":{"name":"(anonymous_3)","decl":{"start":{"line":22,"column":28},"end":{"line":22,"column":29}},"loc":{"start":{"line":22,"column":38},"end":{"line":22,"column":52}},"line":22},"4":{"name":"(anonymous_4)","decl":{"start":{"line":26,"column":34},"end":{"line":26,"column":35}},"loc":{"start":{"line":26,"column":44},"end":{"line":26,"column":67}},"line":26},"5":{"name":"(anonymous_5)","decl":{"start":{"line":31,"column":34},"end":{"line":31,"column":35}},"loc":{"start":{"line":31,"column":44},"end":{"line":34,"column":40}},"line":31},"6":{"name":"(anonymous_6)","decl":{"start":{"line":39,"column":34},"end":{"line":39,"column":35}},"loc":{"start":{"line":39,"column":44},"end":{"line":39,"column":55}},"line":39}},"branchMap":{"0":{"loc":{"start":{"line":15,"column":44},"end":{"line":16,"column":56}},"type":"cond-expr","locations":[{"start":{"line":16,"column":20},"end":{"line":16,"column":33}},{"start":{"line":16,"column":36},"end":{"line":16,"column":56}}],"line":15},"1":{"loc":{"start":{"line":31,"column":44},"end":{"line":34,"column":40}},"type":"cond-expr","locations":[{"start":{"line":33,"column":20},"end":{"line":33,"column":33}},{"start":{"line":34,"column":20},"end":{"line":34,"column":40}}],"line":31},"2":{"loc":{"start":{"line":31,"column":44},"end":{"line":32,"column":55}},"type":"binary-expr","locations":[{"start":{"line":31,"column":44},"end":{"line":31,"column":68}},{"start":{"line":32,"column":20},"end":{"line":32,"column":55}}],"line":31},"3":{"loc":{"start":{"line":47,"column":18},"end":{"line":47,"column":61}},"type":"cond-expr","locations":[{"start":{"line":47,"column":41},"end":{"line":47,"column":50}},{"start":{"line":47,"column":53},"end":{"line":47,"column":61}}],"line":47}},"s":{"0":0,"1":0,"2":0,"3":0,"4":0,"5":0,"6":0,"7":0,"8":0,"9":0,"10":0},"f":{"0":0,"1":0,"2":0,"3":0,"4":0,"5":0,"6":0},"b":{"0":[0,0],"1":[0,0],"2":[0,0],"3":[0,0]}}
,"C:\\Developer\\Web\\Node\\Dev\\predmaq\\client\\src\\components\\Charts\\LineChart.js": {"path":"C:\\Developer\\Web\\Node\\Dev\\predmaq\\client\\src\\components\\Charts\\LineChart.js","statementMap":{"0":{"start":{"line":7,"column":0},"end":{"line":7,"column":46}},"1":{"start":{"line":9,"column":18},"end":{"line":30,"column":1}},"2":{"start":{"line":10,"column":17},"end":{"line":20,"column":5}},"3":{"start":{"line":11,"column":38},"end":{"line":11,"column":52}},"4":{"start":{"line":15,"column":44},"end":{"line":17,"column":40}},"5":{"start":{"line":22,"column":4},"end":{"line":29,"column":6}}},"fnMap":{"0":{"name":"(anonymous_0)","decl":{"start":{"line":9,"column":18},"end":{"line":9,"column":19}},"loc":{"start":{"line":9,"column":46},"end":{"line":30,"column":1}},"line":9},"1":{"name":"(anonymous_1)","decl":{"start":{"line":11,"column":28},"end":{"line":11,"column":29}},"loc":{"start":{"line":11,"column":38},"end":{"line":11,"column":52}},"line":11},"2":{"name":"(anonymous_2)","decl":{"start":{"line":15,"column":34},"end":{"line":15,"column":35}},"loc":{"start":{"line":15,"column":44},"end":{"line":17,"column":40}},"line":15}},"branchMap":{"0":{"loc":{"start":{"line":15,"column":44},"end":{"line":17,"column":40}},"type":"cond-expr","locations":[{"start":{"line":16,"column":20},"end":{"line":16,"column":33}},{"start":{"line":17,"column":20},"end":{"line":17,"column":40}}],"line":15}},"s":{"0":0,"1":0,"2":0,"3":0,"4":0,"5":0},"f":{"0":0,"1":0,"2":0},"b":{"0":[0,0]}}
,"C:\\Developer\\Web\\Node\\Dev\\predmaq\\client\\src\\components\\Charts\\RadarChart.js": {"path":"C:\\Developer\\Web\\Node\\Dev\\predmaq\\client\\src\\components\\Charts\\RadarChart.js","statementMap":{"0":{"start":{"line":7,"column":0},"end":{"line":7,"column":46}},"1":{"start":{"line":9,"column":19},"end":{"line":28,"column":1}},"2":{"start":{"line":10,"column":17},"end":{"line":18,"column":5}},"3":{"start":{"line":11,"column":38},"end":{"line":11,"column":52}},"4":{"start":{"line":15,"column":44},"end":{"line":15,"column":67}},"5":{"start":{"line":20,"column":4},"end":{"line":27,"column":6}}},"fnMap":{"0":{"name":"(anonymous_0)","decl":{"start":{"line":9,"column":19},"end":{"line":9,"column":20}},"loc":{"start":{"line":9,"column":47},"end":{"line":28,"column":1}},"line":9},"1":{"name":"(anonymous_1)","decl":{"start":{"line":11,"column":28},"end":{"line":11,"column":29}},"loc":{"start":{"line":11,"column":38},"end":{"line":11,"column":52}},"line":11},"2":{"name":"(anonymous_2)","decl":{"start":{"line":15,"column":34},"end":{"line":15,"column":35}},"loc":{"start":{"line":15,"column":44},"end":{"line":15,"column":67}},"line":15}},"branchMap":{},"s":{"0":0,"1":0,"2":0,"3":0,"4":0,"5":0},"f":{"0":0,"1":0,"2":0},"b":{}}
,"C:\\Developer\\Web\\Node\\Dev\\predmaq\\client\\src\\components\\Charts\\TempChart.js": {"path":"C:\\Developer\\Web\\Node\\Dev\\predmaq\\client\\src\\components\\Charts\\TempChart.js","statementMap":{"0":{"start":{"line":5,"column":18},"end":{"line":22,"column":1}},"1":{"start":{"line":6,"column":24},"end":{"line":6,"column":70}},"2":{"start":{"line":6,"column":46},"end":{"line":6,"column":69}},"3":{"start":{"line":7,"column":21},"end":{"line":7,"column":57}},"4":{"start":{"line":7,"column":43},"end":{"line":7,"column":56}},"5":{"start":{"line":8,"column":19},"end":{"line":8,"column":53}},"6":{"start":{"line":8,"column":41},"end":{"line":8,"column":52}},"7":{"start":{"line":10,"column":4},"end":{"line":21,"column":6}}},"fnMap":{"0":{"name":"(anonymous_0)","decl":{"start":{"line":5,"column":18},"end":{"line":5,"column":19}},"loc":{"start":{"line":5,"column":35},"end":{"line":22,"column":1}},"line":5},"1":{"name":"(anonymous_1)","decl":{"start":{"line":6,"column":36},"end":{"line":6,"column":37}},"loc":{"start":{"line":6,"column":46},"end":{"line":6,"column":69}},"line":6},"2":{"name":"(anonymous_2)","decl":{"start":{"line":7,"column":33},"end":{"line":7,"column":34}},"loc":{"start":{"line":7,"column":43},"end":{"line":7,"column":56}},"line":7},"3":{"name":"(anonymous_3)","decl":{"start":{"line":8,"column":31},"end":{"line":8,"column":32}},"loc":{"start":{"line":8,"column":41},"end":{"line":8,"column":52}},"line":8}},"branchMap":{},"s":{"0":0,"1":0,"2":0,"3":0,"4":0,"5":0,"6":0,"7":0},"f":{"0":0,"1":0,"2":0,"3":0},"b":{}}
,"C:\\Developer\\Web\\Node\\Dev\\predmaq\\client\\src\\components\\Dinamic\\DinamicPlot.js": {"path":"C:\\Developer\\Web\\Node\\Dev\\predmaq\\client\\src\\components\\Dinamic\\DinamicPlot.js","statementMap":{"0":{"start":{"line":8,"column":16},"end":{"line":50,"column":1}},"1":{"start":{"line":9,"column":34},"end":{"line":9,"column":46}},"2":{"start":{"line":10,"column":38},"end":{"line":10,"column":51}},"3":{"start":{"line":12,"column":4},"end":{"line":36,"column":25}},"4":{"start":{"line":13,"column":21},"end":{"line":13,"column":93}},"5":{"start":{"line":13,"column":47},"end":{"line":13,"column":92}},"6":{"start":{"line":15,"column":32},"end":{"line":33,"column":16}},"7":{"start":{"line":16,"column":12},"end":{"line":29,"column":13}},"8":{"start":{"line":18,"column":20},"end":{"line":18,"column":38}},"9":{"start":{"line":19,"column":20},"end":{"line":19,"column":26}},"10":{"start":{"line":21,"column":20},"end":{"line":21,"column":38}},"11":{"start":{"line":22,"column":20},"end":{"line":22,"column":26}},"12":{"start":{"line":24,"column":20},"end":{"line":24,"column":38}},"13":{"start":{"line":25,"column":20},"end":{"line":25,"column":26}},"14":{"start":{"line":27,"column":20},"end":{"line":27,"column":38}},"15":{"start":{"line":28,"column":20},"end":{"line":28,"column":26}},"16":{"start":{"line":31,"column":12},"end":{"line":31,"column":29}},"17":{"start":{"line":32,"column":12},"end":{"line":32,"column":60}},"18":{"start":{"line":35,"column":8},"end":{"line":35,"column":56}},"19":{"start":{"line":35,"column":23},"end":{"line":35,"column":53}},"20":{"start":{"line":38,"column":4},"end":{"line":49,"column":5}},"21":{"start":{"line":52,"column":20},"end":{"line":60,"column":1}},"22":{"start":{"line":53,"column":4},"end":{"line":59,"column":6}}},"fnMap":{"0":{"name":"(anonymous_0)","decl":{"start":{"line":8,"column":16},"end":{"line":8,"column":17}},"loc":{"start":{"line":8,"column":62},"end":{"line":50,"column":1}},"line":8},"1":{"name":"(anonymous_1)","decl":{"start":{"line":12,"column":14},"end":{"line":12,"column":15}},"loc":{"start":{"line":12,"column":20},"end":{"line":36,"column":5}},"line":12},"2":{"name":"(anonymous_2)","decl":{"start":{"line":13,"column":36},"end":{"line":13,"column":37}},"loc":{"start":{"line":13,"column":47},"end":{"line":13,"column":92}},"line":13},"3":{"name":"(anonymous_3)","decl":{"start":{"line":15,"column":44},"end":{"line":15,"column":45}},"loc":{"start":{"line":15,"column":50},"end":{"line":33,"column":9}},"line":15},"4":{"name":"(anonymous_4)","decl":{"start":{"line":35,"column":15},"end":{"line":35,"column":16}},"loc":{"start":{"line":35,"column":21},"end":{"line":35,"column":55}},"line":35},"5":{"name":"(anonymous_5)","decl":{"start":{"line":52,"column":20},"end":{"line":52,"column":21}},"loc":{"start":{"line":52,"column":66},"end":{"line":60,"column":1}},"line":52}},"branchMap":{"0":{"loc":{"start":{"line":13,"column":47},"end":{"line":13,"column":92}},"type":"binary-expr","locations":[{"start":{"line":13,"column":47},"end":{"line":13,"column":64}},{"start":{"line":13,"column":68},"end":{"line":13,"column":92}}],"line":13},"1":{"loc":{"start":{"line":16,"column":12},"end":{"line":29,"column":13}},"type":"switch","locations":[{"start":{"line":17,"column":16},"end":{"line":19,"column":26}},{"start":{"line":20,"column":16},"end":{"line":22,"column":26}},{"start":{"line":23,"column":16},"end":{"line":25,"column":26}},{"start":{"line":26,"column":16},"end":{"line":28,"column":26}}],"line":16}},"s":{"0":0,"1":0,"2":0,"3":0,"4":0,"5":0,"6":0,"7":0,"8":0,"9":0,"10":0,"11":0,"12":0,"13":0,"14":0,"15":0,"16":0,"17":0,"18":0,"19":0,"20":0,"21":0,"22":0},"f":{"0":0,"1":0,"2":0,"3":0,"4":0,"5":0},"b":{"0":[0,0],"1":[0,0,0,0]}}
,"C:\\Developer\\Web\\Node\\Dev\\predmaq\\client\\src\\components\\Fixed\\FixedPlot.js": {"path":"C:\\Developer\\Web\\Node\\Dev\\predmaq\\client\\src\\components\\Fixed\\FixedPlot.js","statementMap":{"0":{"start":{"line":8,"column":18},"end":{"line":19,"column":1}},"1":{"start":{"line":9,"column":4},"end":{"line":18,"column":6}}},"fnMap":{"0":{"name":"(anonymous_0)","decl":{"start":{"line":8,"column":18},"end":{"line":8,"column":19}},"loc":{"start":{"line":8,"column":46},"end":{"line":19,"column":1}},"line":8}},"branchMap":{},"s":{"0":0,"1":0},"f":{"0":0},"b":{}}
,"C:\\Developer\\Web\\Node\\Dev\\predmaq\\client\\src\\components\\NavBar\\NavBar.js": {"path":"C:\\Developer\\Web\\Node\\Dev\\predmaq\\client\\src\\components\\NavBar\\NavBar.js","statementMap":{"0":{"start":{"line":5,"column":15},"end":{"line":29,"column":1}},"1":{"start":{"line":6,"column":36},"end":{"line":6,"column":48}},"2":{"start":{"line":8,"column":4},"end":{"line":17,"column":19}},"3":{"start":{"line":9,"column":21},"end":{"line":9,"column":31}},"4":{"start":{"line":11,"column":29},"end":{"line":13,"column":16}},"5":{"start":{"line":12,"column":12},"end":{"line":12,"column":47}},"6":{"start":{"line":15,"column":8},"end":{"line":15,"column":52}},"7":{"start":{"line":15,"column":23},"end":{"line":15,"column":49}},"8":{"start":{"line":19,"column":4},"end":{"line":28,"column":6}}},"fnMap":{"0":{"name":"(anonymous_0)","decl":{"start":{"line":5,"column":15},"end":{"line":5,"column":16}},"loc":{"start":{"line":5,"column":21},"end":{"line":29,"column":1}},"line":5},"1":{"name":"(anonymous_1)","decl":{"start":{"line":8,"column":14},"end":{"line":8,"column":15}},"loc":{"start":{"line":8,"column":20},"end":{"line":17,"column":5}},"line":8},"2":{"name":"(anonymous_2)","decl":{"start":{"line":11,"column":40},"end":{"line":11,"column":41}},"loc":{"start":{"line":11,"column":46},"end":{"line":13,"column":9}},"line":11},"3":{"name":"(anonymous_3)","decl":{"start":{"line":15,"column":15},"end":{"line":15,"column":16}},"loc":{"start":{"line":15,"column":21},"end":{"line":15,"column":51}},"line":15}},"branchMap":{},"s":{"0":0,"1":0,"2":0,"3":0,"4":0,"5":0,"6":0,"7":0,"8":0},"f":{"0":0,"1":0,"2":0,"3":0},"b":{}}
,"C:\\Developer\\Web\\Node\\Dev\\predmaq\\client\\src\\components\\PlotPage\\PlotPage.js": {"path":"C:\\Developer\\Web\\Node\\Dev\\predmaq\\client\\src\\components\\PlotPage\\PlotPage.js","statementMap":{"0":{"start":{"line":10,"column":17},"end":{"line":32,"column":1}},"1":{"start":{"line":11,"column":4},"end":{"line":31,"column":6}}},"fnMap":{"0":{"name":"(anonymous_0)","decl":{"start":{"line":10,"column":17},"end":{"line":10,"column":18}},"loc":{"start":{"line":10,"column":45},"end":{"line":32,"column":1}},"line":10}},"branchMap":{"0":{"loc":{"start":{"line":21,"column":17},"end":{"line":28,"column":22}},"type":"cond-expr","locations":[{"start":{"line":22,"column":21},"end":{"line":25,"column":22}},{"start":{"line":26,"column":20},"end":{"line":28,"column":22}}],"line":21}},"s":{"0":0,"1":0},"f":{"0":0},"b":{"0":[0,0]}}
,"C:\\Developer\\Web\\Node\\Dev\\predmaq\\client\\src\\components\\Predict\\Predict.js": {"path":"C:\\Developer\\Web\\Node\\Dev\\predmaq\\client\\src\\components\\Predict\\Predict.js","statementMap":{"0":{"start":{"line":11,"column":23},"end":{"line":11,"column":46}},"1":{"start":{"line":13,"column":16},"end":{"line":220,"column":1}},"2":{"start":{"line":14,"column":34},"end":{"line":14,"column":46}},"3":{"start":{"line":15,"column":34},"end":{"line":15,"column":46}},"4":{"start":{"line":16,"column":37},"end":{"line":16,"column":52}},"5":{"start":{"line":17,"column":38},"end":{"line":17,"column":53}},"6":{"start":{"line":18,"column":40},"end":{"line":18,"column":52}},"7":{"start":{"line":19,"column":42},"end":{"line":19,"column":54}},"8":{"start":{"line":20,"column":36},"end":{"line":20,"column":55}},"9":{"start":{"line":21,"column":38},"end":{"line":21,"column":61}},"10":{"start":{"line":23,"column":21},"end":{"line":23,"column":75}},"11":{"start":{"line":25,"column":37},"end":{"line":42,"column":5}},"12":{"start":{"line":26,"column":8},"end":{"line":28,"column":9}},"13":{"start":{"line":27,"column":12},"end":{"line":27,"column":27}},"14":{"start":{"line":30,"column":21},"end":{"line":30,"column":80}},"15":{"start":{"line":30,"column":47},"end":{"line":30,"column":79}},"16":{"start":{"line":32,"column":8},"end":{"line":36,"column":9}},"17":{"start":{"line":33,"column":12},"end":{"line":33,"column":29}},"18":{"start":{"line":35,"column":12},"end":{"line":35,"column":27}},"19":{"start":{"line":38,"column":8},"end":{"line":38,"column":26}},"20":{"start":{"line":39,"column":8},"end":{"line":39,"column":28}},"21":{"start":{"line":40,"column":8},"end":{"line":40,"column":36}},"22":{"start":{"line":41,"column":8},"end":{"line":41,"column":41}},"23":{"start":{"line":44,"column":34},"end":{"line":61,"column":5}},"24":{"start":{"line":45,"column":8},"end":{"line":47,"column":9}},"25":{"start":{"line":46,"column":12},"end":{"line":46,"column":27}},"26":{"start":{"line":49,"column":21},"end":{"line":49,"column":76}},"27":{"start":{"line":49,"column":47},"end":{"line":49,"column":75}},"28":{"start":{"line":51,"column":8},"end":{"line":55,"column":9}},"29":{"start":{"line":52,"column":12},"end":{"line":52,"column":29}},"30":{"start":{"line":54,"column":12},"end":{"line":54,"column":27}},"31":{"start":{"line":57,"column":8},"end":{"line":57,"column":26}},"32":{"start":{"line":58,"column":8},"end":{"line":58,"column":28}},"33":{"start":{"line":59,"column":8},"end":{"line":59,"column":32}},"34":{"start":{"line":60,"column":8},"end":{"line":60,"column":41}},"35":{"start":{"line":63,"column":34},"end":{"line":80,"column":5}},"36":{"start":{"line":64,"column":8},"end":{"line":66,"column":9}},"37":{"start":{"line":65,"column":12},"end":{"line":65,"column":27}},"38":{"start":{"line":68,"column":21},"end":{"line":68,"column":68}},"39":{"start":{"line":68,"column":47},"end":{"line":68,"column":67}},"40":{"start":{"line":70,"column":8},"end":{"line":74,"column":9}},"41":{"start":{"line":71,"column":12},"end":{"line":71,"column":29}},"42":{"start":{"line":73,"column":12},"end":{"line":73,"column":27}},"43":{"start":{"line":76,"column":8},"end":{"line":76,"column":26}},"44":{"start":{"line":77,"column":8},"end":{"line":77,"column":28}},"45":{"start":{"line":78,"column":8},"end":{"line":78,"column":33}},"46":{"start":{"line":79,"column":8},"end":{"line":79,"column":41}},"47":{"start":{"line":82,"column":26},"end":{"line":95,"column":5}},"48":{"start":{"line":83,"column":22},"end":{"line":83,"column":54}},"49":{"start":{"line":85,"column":8},"end":{"line":92,"column":9}},"50":{"start":{"line":86,"column":12},"end":{"line":86,"column":34}},"51":{"start":{"line":88,"column":12},"end":{"line":88,"column":30}},"52":{"start":{"line":89,"column":12},"end":{"line":89,"column":32}},"53":{"start":{"line":90,"column":12},"end":{"line":90,"column":31}},"54":{"start":{"line":91,"column":12},"end":{"line":91,"column":40}},"55":{"start":{"line":94,"column":8},"end":{"line":94,"column":29}},"56":{"start":{"line":97,"column":28},"end":{"line":119,"column":5}},"57":{"start":{"line":98,"column":8},"end":{"line":118,"column":9}},"58":{"start":{"line":99,"column":12},"end":{"line":99,"column":35}},"59":{"start":{"line":101,"column":12},"end":{"line":103,"column":13}},"60":{"start":{"line":102,"column":16},"end":{"line":102,"column":31}},"61":{"start":{"line":105,"column":25},"end":{"line":106,"column":78}},"62":{"start":{"line":105,"column":51},"end":{"line":106,"column":77}},"63":{"start":{"line":108,"column":16},"end":{"line":112,"column":17}},"64":{"start":{"line":109,"column":20},"end":{"line":109,"column":37}},"65":{"start":{"line":111,"column":20},"end":{"line":111,"column":35}},"66":{"start":{"line":114,"column":12},"end":{"line":114,"column":30}},"67":{"start":{"line":115,"column":12},"end":{"line":115,"column":32}},"68":{"start":{"line":116,"column":12},"end":{"line":116,"column":48}},"69":{"start":{"line":117,"column":12},"end":{"line":117,"column":61}},"70":{"start":{"line":121,"column":27},"end":{"line":132,"column":5}},"71":{"start":{"line":122,"column":8},"end":{"line":129,"column":9}},"72":{"start":{"line":123,"column":12},"end":{"line":123,"column":38}},"73":{"start":{"line":124,"column":12},"end":{"line":124,"column":31}},"74":{"start":{"line":126,"column":12},"end":{"line":126,"column":35}},"75":{"start":{"line":127,"column":12},"end":{"line":127,"column":31}},"76":{"start":{"line":128,"column":12},"end":{"line":128,"column":32}},"77":{"start":{"line":131,"column":8},"end":{"line":131,"column":30}},"78":{"start":{"line":134,"column":32},"end":{"line":146,"column":5}},"79":{"start":{"line":135,"column":8},"end":{"line":137,"column":9}},"80":{"start":{"line":136,"column":12},"end":{"line":136,"column":27}},"81":{"start":{"line":139,"column":21},"end":{"line":139,"column":65}},"82":{"start":{"line":139,"column":47},"end":{"line":139,"column":64}},"83":{"start":{"line":141,"column":8},"end":{"line":145,"column":9}},"84":{"start":{"line":142,"column":12},"end":{"line":142,"column":29}},"85":{"start":{"line":144,"column":12},"end":{"line":144,"column":27}},"86":{"start":{"line":148,"column":4},"end":{"line":157,"column":25}},"87":{"start":{"line":149,"column":8},"end":{"line":156,"column":11}},"88":{"start":{"line":150,"column":25},"end":{"line":150,"column":38}},"89":{"start":{"line":151,"column":26},"end":{"line":151,"column":67}},"90":{"start":{"line":151,"column":49},"end":{"line":151,"column":66}},"91":{"start":{"line":153,"column":12},"end":{"line":153,"column":30}},"92":{"start":{"line":155,"column":12},"end":{"line":155,"column":31}},"93":{"start":{"line":159,"column":4},"end":{"line":219,"column":6}}},"fnMap":{"0":{"name":"(anonymous_0)","decl":{"start":{"line":13,"column":16},"end":{"line":13,"column":17}},"loc":{"start":{"line":13,"column":22},"end":{"line":220,"column":1}},"line":13},"1":{"name":"(anonymous_1)","decl":{"start":{"line":25,"column":37},"end":{"line":25,"column":38}},"loc":{"start":{"line":25,"column":43},"end":{"line":42,"column":5}},"line":25},"2":{"name":"(anonymous_2)","decl":{"start":{"line":30,"column":36},"end":{"line":30,"column":37}},"loc":{"start":{"line":30,"column":47},"end":{"line":30,"column":79}},"line":30},"3":{"name":"(anonymous_3)","decl":{"start":{"line":44,"column":34},"end":{"line":44,"column":35}},"loc":{"start":{"line":44,"column":40},"end":{"line":61,"column":5}},"line":44},"4":{"name":"(anonymous_4)","decl":{"start":{"line":49,"column":36},"end":{"line":49,"column":37}},"loc":{"start":{"line":49,"column":47},"end":{"line":49,"column":75}},"line":49},"5":{"name":"(anonymous_5)","decl":{"start":{"line":63,"column":34},"end":{"line":63,"column":35}},"loc":{"start":{"line":63,"column":40},"end":{"line":80,"column":5}},"line":63},"6":{"name":"(anonymous_6)","decl":{"start":{"line":68,"column":36},"end":{"line":68,"column":37}},"loc":{"start":{"line":68,"column":47},"end":{"line":68,"column":67}},"line":68},"7":{"name":"(anonymous_7)","decl":{"start":{"line":82,"column":26},"end":{"line":82,"column":27}},"loc":{"start":{"line":82,"column":37},"end":{"line":95,"column":5}},"line":82},"8":{"name":"(anonymous_8)","decl":{"start":{"line":97,"column":28},"end":{"line":97,"column":29}},"loc":{"start":{"line":97,"column":39},"end":{"line":119,"column":5}},"line":97},"9":{"name":"(anonymous_9)","decl":{"start":{"line":105,"column":40},"end":{"line":105,"column":41}},"loc":{"start":{"line":105,"column":51},"end":{"line":106,"column":77}},"line":105},"10":{"name":"(anonymous_10)","decl":{"start":{"line":121,"column":27},"end":{"line":121,"column":28}},"loc":{"start":{"line":121,"column":33},"end":{"line":132,"column":5}},"line":121},"11":{"name":"(anonymous_11)","decl":{"start":{"line":134,"column":32},"end":{"line":134,"column":33}},"loc":{"start":{"line":134,"column":38},"end":{"line":146,"column":5}},"line":134},"12":{"name":"(anonymous_12)","decl":{"start":{"line":139,"column":36},"end":{"line":139,"column":37}},"loc":{"start":{"line":139,"column":47},"end":{"line":139,"column":64}},"line":139},"13":{"name":"(anonymous_13)","decl":{"start":{"line":148,"column":14},"end":{"line":148,"column":15}},"loc":{"start":{"line":148,"column":20},"end":{"line":157,"column":5}},"line":148},"14":{"name":"(anonymous_14)","decl":{"start":{"line":149,"column":32},"end":{"line":149,"column":33}},"loc":{"start":{"line":149,"column":46},"end":{"line":154,"column":9}},"line":149},"15":{"name":"(anonymous_15)","decl":{"start":{"line":151,"column":38},"end":{"line":151,"column":39}},"loc":{"start":{"line":151,"column":49},"end":{"line":151,"column":66}},"line":151},"16":{"name":"(anonymous_16)","decl":{"start":{"line":154,"column":17},"end":{"line":154,"column":18}},"loc":{"start":{"line":154,"column":28},"end":{"line":156,"column":9}},"line":154}},"branchMap":{"0":{"loc":{"start":{"line":23,"column":40},"end":{"line":23,"column":73}},"type":"cond-expr","locations":[{"start":{"line":23,"column":52},"end":{"line":23,"column":61}},{"start":{"line":23,"column":64},"end":{"line":23,"column":73}}],"line":23},"1":{"loc":{"start":{"line":26,"column":8},"end":{"line":28,"column":9}},"type":"if","locations":[{"start":{"line":26,"column":8},"end":{"line":28,"column":9}},{"start":{},"end":{}}],"line":26},"2":{"loc":{"start":{"line":32,"column":8},"end":{"line":36,"column":9}},"type":"if","locations":[{"start":{"line":32,"column":8},"end":{"line":36,"column":9}},{"start":{"line":34,"column":15},"end":{"line":36,"column":9}}],"line":32},"3":{"loc":{"start":{"line":45,"column":8},"end":{"line":47,"column":9}},"type":"if","locations":[{"start":{"line":45,"column":8},"end":{"line":47,"column":9}},{"start":{},"end":{}}],"line":45},"4":{"loc":{"start":{"line":51,"column":8},"end":{"line":55,"column":9}},"type":"if","locations":[{"start":{"line":51,"column":8},"end":{"line":55,"column":9}},{"start":{"line":53,"column":15},"end":{"line":55,"column":9}}],"line":51},"5":{"loc":{"start":{"line":64,"column":8},"end":{"line":66,"column":9}},"type":"if","locations":[{"start":{"line":64,"column":8},"end":{"line":66,"column":9}},{"start":{},"end":{}}],"line":64},"6":{"loc":{"start":{"line":70,"column":8},"end":{"line":74,"column":9}},"type":"if","locations":[{"start":{"line":70,"column":8},"end":{"line":74,"column":9}},{"start":{"line":72,"column":15},"end":{"line":74,"column":9}}],"line":70},"7":{"loc":{"start":{"line":85,"column":8},"end":{"line":92,"column":9}},"type":"if","locations":[{"start":{"line":85,"column":8},"end":{"line":92,"column":9}},{"start":{},"end":{}}],"line":85},"8":{"loc":{"start":{"line":98,"column":8},"end":{"line":118,"column":9}},"type":"if","locations":[{"start":{"line":98,"column":8},"end":{"line":118,"column":9}},{"start":{},"end":{}}],"line":98},"9":{"loc":{"start":{"line":101,"column":12},"end":{"line":103,"column":13}},"type":"if","locations":[{"start":{"line":101,"column":12},"end":{"line":103,"column":13}},{"start":{},"end":{}}],"line":101},"10":{"loc":{"start":{"line":105,"column":51},"end":{"line":106,"column":77}},"type":"binary-expr","locations":[{"start":{"line":105,"column":51},"end":{"line":105,"column":68}},{"start":{"line":106,"column":17},"end":{"line":106,"column":42}},{"start":{"line":106,"column":46},"end":{"line":106,"column":76}}],"line":105},"11":{"loc":{"start":{"line":108,"column":16},"end":{"line":112,"column":17}},"type":"if","locations":[{"start":{"line":108,"column":16},"end":{"line":112,"column":17}},{"start":{"line":110,"column":23},"end":{"line":112,"column":17}}],"line":108},"12":{"loc":{"start":{"line":122,"column":8},"end":{"line":129,"column":9}},"type":"if","locations":[{"start":{"line":122,"column":8},"end":{"line":129,"column":9}},{"start":{"line":125,"column":15},"end":{"line":129,"column":9}}],"line":122},"13":{"loc":{"start":{"line":135,"column":8},"end":{"line":137,"column":9}},"type":"if","locations":[{"start":{"line":135,"column":8},"end":{"line":137,"column":9}},{"start":{},"end":{}}],"line":135},"14":{"loc":{"start":{"line":141,"column":8},"end":{"line":145,"column":9}},"type":"if","locations":[{"start":{"line":141,"column":8},"end":{"line":145,"column":9}},{"start":{"line":143,"column":15},"end":{"line":145,"column":9}}],"line":141},"15":{"loc":{"start":{"line":205,"column":24},"end":{"line":214,"column":26}},"type":"cond-expr","locations":[{"start":{"line":206,"column":24},"end":{"line":209,"column":26}},{"start":{"line":210,"column":24},"end":{"line":214,"column":26}}],"line":205},"16":{"loc":{"start":{"line":207,"column":37},"end":{"line":207,"column":67}},"type":"cond-expr","locations":[{"start":{"line":207,"column":50},"end":{"line":207,"column":57}},{"start":{"line":207,"column":60},"end":{"line":207,"column":67}}],"line":207}},"s":{"0":0,"1":0,"2":0,"3":0,"4":0,"5":0,"6":0,"7":0,"8":0,"9":0,"10":0,"11":0,"12":0,"13":0,"14":0,"15":0,"16":0,"17":0,"18":0,"19":0,"20":0,"21":0,"22":0,"23":0,"24":0,"25":0,"26":0,"27":0,"28":0,"29":0,"30":0,"31":0,"32":0,"33":0,"34":0,"35":0,"36":0,"37":0,"38":0,"39":0,"40":0,"41":0,"42":0,"43":0,"44":0,"45":0,"46":0,"47":0,"48":0,"49":0,"50":0,"51":0,"52":0,"53":0,"54":0,"55":0,"56":0,"57":0,"58":0,"59":0,"60":0,"61":0,"62":0,"63":0,"64":0,"65":0,"66":0,"67":0,"68":0,"69":0,"70":0,"71":0,"72":0,"73":0,"74":0,"75":0,"76":0,"77":0,"78":0,"79":0,"80":0,"81":0,"82":0,"83":0,"84":0,"85":0,"86":0,"87":0,"88":0,"89":0,"90":0,"91":0,"92":0,"93":0},"f":{"0":0,"1":0,"2":0,"3":0,"4":0,"5":0,"6":0,"7":0,"8":0,"9":0,"10":0,"11":0,"12":0,"13":0,"14":0,"15":0,"16":0},"b":{"0":[0,0],"1":[0,0],"2":[0,0],"3":[0,0],"4":[0,0],"5":[0,0],"6":[0,0],"7":[0,0],"8":[0,0],"9":[0,0],"10":[0,0,0],"11":[0,0],"12":[0,0],"13":[0,0],"14":[0,0],"15":[0,0],"16":[0,0]}}
,"C:\\Developer\\Web\\Node\\Dev\\predmaq\\client\\src\\components\\Table\\TablePage.js": {"path":"C:\\Developer\\Web\\Node\\Dev\\predmaq\\client\\src\\components\\Table\\TablePage.js","statementMap":{"0":{"start":{"line":7,"column":18},"end":{"line":48,"column":1}},"1":{"start":{"line":8,"column":4},"end":{"line":47,"column":6}},"2":{"start":{"line":28,"column":28},"end":{"line":41,"column":29}}},"fnMap":{"0":{"name":"(anonymous_0)","decl":{"start":{"line":7,"column":18},"end":{"line":7,"column":19}},"loc":{"start":{"line":7,"column":35},"end":{"line":48,"column":1}},"line":7},"1":{"name":"(anonymous_1)","decl":{"start":{"line":27,"column":36},"end":{"line":27,"column":37}},"loc":{"start":{"line":27,"column":46},"end":{"line":42,"column":25}},"line":27}},"branchMap":{},"s":{"0":0,"1":0,"2":0},"f":{"0":0,"1":0},"b":{}}
}
